<?xml version="1.0" encoding="UTF-8"?>
<!-- Generated by org.testng.reporters.JUnitReportReporter -->
<testsuite hostname="DESKTOP-VNV0BAM" failures="0" tests="3" name="tests.Chechoutbook" time="74.221" errors="0" timestamp="2022-10-09T10:43:19 BDT" skipped="0">
  <testcase classname="tests.Chechoutbook" name="Homepage" time="18.544"/>
  <system-out/>
  <testcase classname="tests.Chechoutbook" name="AddToCart" time="34.434"/>
  <system-out/>
  <testcase classname="tests.Chechoutbook" name="Information" time="21.243"/>
  <system-out/>
</testsuite> <!-- tests.Chechoutbook -->
